
-------------------------------------------------------
 T E S T S
-------------------------------------------------------
Running com.pluralsight.module3.Module3_Task1_thru_5_IT
Tests run: 5, Failures: 5, Errors: 0, Skipped: 0, Time elapsed: 1.032 sec <<< FAILURE! - in com.pluralsight.module3.Module3_Task1_thru_5_IT
_task1(com.pluralsight.module3.Module3_Task1_thru_5_IT)  Time elapsed: 0.944 sec  <<< FAILURE!
java.lang.AssertionError: The method updateBook() doesn't exist in BookDAO.java.
	at org.junit.Assert.fail(Assert.java:88)
	at org.junit.Assert.assertTrue(Assert.java:41)
	at org.junit.Assert.assertNotNull(Assert.java:712)
	at com.pluralsight.module3.Module3_Task1_thru_5_IT._task1(Module3_Task1_thru_5_IT.java:63)

_task2(com.pluralsight.module3.Module3_Task1_thru_5_IT)  Time elapsed: 0.023 sec  <<< FAILURE!
java.lang.AssertionError: The method updateBook() doesn't call prepareStatement() correctly.
	at org.junit.Assert.fail(Assert.java:88)
	at org.junit.Assert.assertTrue(Assert.java:41)
	at com.pluralsight.module3.Module3_Task1_thru_5_IT._task2(Module3_Task1_thru_5_IT.java:74)

_task3(com.pluralsight.module3.Module3_Task1_thru_5_IT)  Time elapsed: 0.003 sec  <<< FAILURE!
java.lang.AssertionError: The method updateBook() doesn't call setString() for the title.
	at org.junit.Assert.fail(Assert.java:88)
	at org.junit.Assert.assertTrue(Assert.java:41)
	at com.pluralsight.module3.Module3_Task1_thru_5_IT._task3(Module3_Task1_thru_5_IT.java:87)

_task4(com.pluralsight.module3.Module3_Task1_thru_5_IT)  Time elapsed: 0.003 sec  <<< FAILURE!
java.lang.AssertionError: The method updateBook() doesn't call setFloat() for the price.
	at org.junit.Assert.fail(Assert.java:88)
	at org.junit.Assert.assertTrue(Assert.java:41)
	at com.pluralsight.module3.Module3_Task1_thru_5_IT._task4(Module3_Task1_thru_5_IT.java:103)

_task5(com.pluralsight.module3.Module3_Task1_thru_5_IT)  Time elapsed: 0.001 sec  <<< FAILURE!
java.lang.AssertionError: The method updateBook() doesn't call executeUpdate().
	at org.junit.Assert.fail(Assert.java:88)
	at org.junit.Assert.assertTrue(Assert.java:41)
	at com.pluralsight.module3.Module3_Task1_thru_5_IT._task5(Module3_Task1_thru_5_IT.java:119)

Running com.pluralsight.module3.Module3_Task8_thru_11_IT
Tests run: 4, Failures: 4, Errors: 0, Skipped: 0, Time elapsed: 0.22 sec <<< FAILURE! - in com.pluralsight.module3.Module3_Task8_thru_11_IT
_task8(com.pluralsight.module3.Module3_Task8_thru_11_IT)  Time elapsed: 0.214 sec  <<< FAILURE!
java.lang.AssertionError: private void updateBook() does not exist in ControllerServlet
	at org.junit.Assert.fail(Assert.java:88)
	at org.junit.Assert.assertTrue(Assert.java:41)
	at org.junit.Assert.assertNotNull(Assert.java:712)
	at com.pluralsight.module3.Module3_Task8_thru_11_IT._task8(Module3_Task8_thru_11_IT.java:90)

_task9(com.pluralsight.module3.Module3_Task8_thru_11_IT)  Time elapsed: 0.002 sec  <<< FAILURE!
java.lang.AssertionError: private void updateBook() does not exist in ControllerServlet
	at org.junit.Assert.fail(Assert.java:88)
	at org.junit.Assert.assertTrue(Assert.java:41)
	at org.junit.Assert.assertNotNull(Assert.java:712)
	at com.pluralsight.module3.Module3_Task8_thru_11_IT._task9(Module3_Task8_thru_11_IT.java:105)

_task10(com.pluralsight.module3.Module3_Task8_thru_11_IT)  Time elapsed: 0.002 sec  <<< FAILURE!
java.lang.AssertionError: private void updateBook() does not exist in ControllerServlet
	at org.junit.Assert.fail(Assert.java:88)
	at org.junit.Assert.assertTrue(Assert.java:41)
	at org.junit.Assert.assertNotNull(Assert.java:712)
	at com.pluralsight.module3.Module3_Task8_thru_11_IT._task10(Module3_Task8_thru_11_IT.java:130)

_task11(com.pluralsight.module3.Module3_Task8_thru_11_IT)  Time elapsed: 0.001 sec  <<< FAILURE!
java.lang.AssertionError: private void updateBook() does not exist in ControllerServlet
	at org.junit.Assert.fail(Assert.java:88)
	at org.junit.Assert.assertTrue(Assert.java:41)
	at org.junit.Assert.assertNotNull(Assert.java:712)
	at com.pluralsight.module3.Module3_Task8_thru_11_IT._task11(Module3_Task8_thru_11_IT.java:158)

Running com.pluralsight.module3.Module3_Task6_and_7_IT
Tests run: 2, Failures: 2, Errors: 0, Skipped: 0, Time elapsed: 0.409 sec <<< FAILURE! - in com.pluralsight.module3.Module3_Task6_and_7_IT
_task6(com.pluralsight.module3.Module3_Task6_and_7_IT)  Time elapsed: 0.17 sec  <<< FAILURE!
java.lang.AssertionError: private void updateBook() does not exist in ControllerServlet
	at org.junit.Assert.fail(Assert.java:88)
	at org.junit.Assert.assertTrue(Assert.java:41)
	at org.junit.Assert.assertNotNull(Assert.java:712)
	at com.pluralsight.module3.Module3_Task6_and_7_IT._task6(Module3_Task6_and_7_IT.java:70)

_task7(com.pluralsight.module3.Module3_Task6_and_7_IT)  Time elapsed: 0.001 sec  <<< FAILURE!
java.lang.AssertionError: private void updateBook() does not exist in ControllerServlet
	at org.junit.Assert.fail(Assert.java:88)
	at org.junit.Assert.assertTrue(Assert.java:41)
	at org.junit.Assert.assertNotNull(Assert.java:712)
	at com.pluralsight.module3.Module3_Task6_and_7_IT._task7(Module3_Task6_and_7_IT.java:76)

Running com.pluralsight.module2.Module2_Task1_and_2_IT
Tests run: 2, Failures: 2, Errors: 0, Skipped: 0, Time elapsed: 0.315 sec <<< FAILURE! - in com.pluralsight.module2.Module2_Task1_and_2_IT
_task1(com.pluralsight.module2.Module2_Task1_and_2_IT)  Time elapsed: 0.11 sec  <<< FAILURE!
java.lang.AssertionError: private void showEditForm() does not exist in ControllerServlet
	at org.junit.Assert.fail(Assert.java:88)
	at org.junit.Assert.assertTrue(Assert.java:41)
	at org.junit.Assert.assertNotNull(Assert.java:712)
	at com.pluralsight.module2.Module2_Task1_and_2_IT._task1(Module2_Task1_and_2_IT.java:46)

_task2(com.pluralsight.module2.Module2_Task1_and_2_IT)  Time elapsed: 0 sec  <<< FAILURE!
java.lang.AssertionError: private void showEditForm() does not exist in ControllerServlet
	at org.junit.Assert.fail(Assert.java:88)
	at org.junit.Assert.assertTrue(Assert.java:41)
	at org.junit.Assert.assertNotNull(Assert.java:712)
	at com.pluralsight.module2.Module2_Task1_and_2_IT._task2(Module2_Task1_and_2_IT.java:52)

Running com.pluralsight.module2.Module2_Task7_thru10_IT
Tests run: 4, Failures: 0, Errors: 4, Skipped: 0, Time elapsed: 1.493 sec <<< FAILURE! - in com.pluralsight.module2.Module2_Task7_thru10_IT
_task7(com.pluralsight.module2.Module2_Task7_thru10_IT)  Time elapsed: 1.421 sec  <<< ERROR!
java.lang.ClassCastException: com.gargoylesoftware.htmlunit.TextPage cannot be cast to com.gargoylesoftware.htmlunit.html.HtmlPage
	at com.pluralsight.module2.Module2_Task7_thru10_IT.setUp(Module2_Task7_thru10_IT.java:35)

_task8(com.pluralsight.module2.Module2_Task7_thru10_IT)  Time elapsed: 0.029 sec  <<< ERROR!
java.lang.ClassCastException: com.gargoylesoftware.htmlunit.TextPage cannot be cast to com.gargoylesoftware.htmlunit.html.HtmlPage
	at com.pluralsight.module2.Module2_Task7_thru10_IT.setUp(Module2_Task7_thru10_IT.java:35)

_task9(com.pluralsight.module2.Module2_Task7_thru10_IT)  Time elapsed: 0.022 sec  <<< ERROR!
java.lang.ClassCastException: com.gargoylesoftware.htmlunit.TextPage cannot be cast to com.gargoylesoftware.htmlunit.html.HtmlPage
	at com.pluralsight.module2.Module2_Task7_thru10_IT.setUp(Module2_Task7_thru10_IT.java:35)

_task10(com.pluralsight.module2.Module2_Task7_thru10_IT)  Time elapsed: 0.021 sec  <<< ERROR!
java.lang.ClassCastException: com.gargoylesoftware.htmlunit.TextPage cannot be cast to com.gargoylesoftware.htmlunit.html.HtmlPage
	at com.pluralsight.module2.Module2_Task7_thru10_IT.setUp(Module2_Task7_thru10_IT.java:35)

Running com.pluralsight.module2.Module2_Task11_thru_14_IT
Tests run: 3, Failures: 0, Errors: 3, Skipped: 0, Time elapsed: 0.085 sec <<< FAILURE! - in com.pluralsight.module2.Module2_Task11_thru_14_IT
_task11(com.pluralsight.module2.Module2_Task11_thru_14_IT)  Time elapsed: 0.027 sec  <<< ERROR!
java.lang.ClassCastException: com.gargoylesoftware.htmlunit.TextPage cannot be cast to com.gargoylesoftware.htmlunit.html.HtmlPage
	at com.pluralsight.module2.Module2_Task11_thru_14_IT.setUp(Module2_Task11_thru_14_IT.java:36)

_task12(com.pluralsight.module2.Module2_Task11_thru_14_IT)  Time elapsed: 0.02 sec  <<< ERROR!
java.lang.ClassCastException: com.gargoylesoftware.htmlunit.TextPage cannot be cast to com.gargoylesoftware.htmlunit.html.HtmlPage
	at com.pluralsight.module2.Module2_Task11_thru_14_IT.setUp(Module2_Task11_thru_14_IT.java:36)

_task13(com.pluralsight.module2.Module2_Task11_thru_14_IT)  Time elapsed: 0.038 sec  <<< ERROR!
java.lang.ClassCastException: com.gargoylesoftware.htmlunit.TextPage cannot be cast to com.gargoylesoftware.htmlunit.html.HtmlPage
	at com.pluralsight.module2.Module2_Task11_thru_14_IT.setUp(Module2_Task11_thru_14_IT.java:36)

Running com.pluralsight.module2.Module2_Task3_thru_6_IT
java.lang.NullPointerException
	at com.pluralsight.ControllerServlet.listBooks(ControllerServlet.java:87)
	at com.pluralsight.ControllerServlet.doGet(ControllerServlet.java:63)
	at com.pluralsight.module2.Module2_Task3_thru_6_IT.setUp(Module2_Task3_thru_6_IT.java:57)
	at sun.reflect.NativeMethodAccessorImpl.invoke0(Native Method)
	at sun.reflect.NativeMethodAccessorImpl.invoke(NativeMethodAccessorImpl.java:62)
	at sun.reflect.DelegatingMethodAccessorImpl.invoke(DelegatingMethodAccessorImpl.java:43)
	at java.lang.reflect.Method.invoke(Method.java:498)
	at org.junit.runners.model.FrameworkMethod$1.runReflectiveCall(FrameworkMethod.java:50)
	at org.junit.internal.runners.model.ReflectiveCallable.run(ReflectiveCallable.java:12)
	at org.junit.runners.model.FrameworkMethod.invokeExplosively(FrameworkMethod.java:47)
	at org.junit.internal.runners.statements.RunBefores.evaluate(RunBefores.java:24)
	at org.junit.runners.ParentRunner.runLeaf(ParentRunner.java:325)
	at org.junit.runners.BlockJUnit4ClassRunner.runChild(BlockJUnit4ClassRunner.java:78)
	at org.junit.runners.BlockJUnit4ClassRunner.runChild(BlockJUnit4ClassRunner.java:57)
	at org.junit.runners.ParentRunner$3.run(ParentRunner.java:290)
	at org.junit.runners.ParentRunner$1.schedule(ParentRunner.java:71)
	at org.junit.runners.ParentRunner.runChildren(ParentRunner.java:288)
	at org.junit.runners.ParentRunner.access$000(ParentRunner.java:58)
	at org.junit.runners.ParentRunner$2.evaluate(ParentRunner.java:268)
	at org.junit.runners.ParentRunner.run(ParentRunner.java:363)
	at org.apache.maven.surefire.junit4.JUnit4Provider.execute(JUnit4Provider.java:283)
	at org.apache.maven.surefire.junit4.JUnit4Provider.executeWithRerun(JUnit4Provider.java:173)
	at org.apache.maven.surefire.junit4.JUnit4Provider.executeTestSet(JUnit4Provider.java:153)
	at org.apache.maven.surefire.junit4.JUnit4Provider.invoke(JUnit4Provider.java:128)
	at org.apache.maven.surefire.booter.ForkedBooter.invokeProviderInSameClassLoader(ForkedBooter.java:203)
	at org.apache.maven.surefire.booter.ForkedBooter.runSuitesInProcess(ForkedBooter.java:155)
	at org.apache.maven.surefire.booter.ForkedBooter.main(ForkedBooter.java:103)
java.lang.NullPointerException
	at com.pluralsight.ControllerServlet.listBooks(ControllerServlet.java:87)
	at com.pluralsight.ControllerServlet.doGet(ControllerServlet.java:63)
	at com.pluralsight.module2.Module2_Task3_thru_6_IT.setUp(Module2_Task3_thru_6_IT.java:57)
	at sun.reflect.NativeMethodAccessorImpl.invoke0(Native Method)
	at sun.reflect.NativeMethodAccessorImpl.invoke(NativeMethodAccessorImpl.java:62)
	at sun.reflect.DelegatingMethodAccessorImpl.invoke(DelegatingMethodAccessorImpl.java:43)
	at java.lang.reflect.Method.invoke(Method.java:498)
	at org.junit.runners.model.FrameworkMethod$1.runReflectiveCall(FrameworkMethod.java:50)
	at org.junit.internal.runners.model.ReflectiveCallable.run(ReflectiveCallable.java:12)
	at org.junit.runners.model.FrameworkMethod.invokeExplosively(FrameworkMethod.java:47)
	at org.junit.internal.runners.statements.RunBefores.evaluate(RunBefores.java:24)
	at org.junit.runners.ParentRunner.runLeaf(ParentRunner.java:325)
	at org.junit.runners.BlockJUnit4ClassRunner.runChild(BlockJUnit4ClassRunner.java:78)
	at org.junit.runners.BlockJUnit4ClassRunner.runChild(BlockJUnit4ClassRunner.java:57)
	at org.junit.runners.ParentRunner$3.run(ParentRunner.java:290)
	at org.junit.runners.ParentRunner$1.schedule(ParentRunner.java:71)
	at org.junit.runners.ParentRunner.runChildren(ParentRunner.java:288)
	at org.junit.runners.ParentRunner.access$000(ParentRunner.java:58)
	at org.junit.runners.ParentRunner$2.evaluate(ParentRunner.java:268)
	at org.junit.runners.ParentRunner.run(ParentRunner.java:363)
	at org.apache.maven.surefire.junit4.JUnit4Provider.execute(JUnit4Provider.java:283)
	at org.apache.maven.surefire.junit4.JUnit4Provider.executeWithRerun(JUnit4Provider.java:173)
	at org.apache.maven.surefire.junit4.JUnit4Provider.executeTestSet(JUnit4Provider.java:153)
	at org.apache.maven.surefire.junit4.JUnit4Provider.invoke(JUnit4Provider.java:128)
	at org.apache.maven.surefire.booter.ForkedBooter.invokeProviderInSameClassLoader(ForkedBooter.java:203)
	at org.apache.maven.surefire.booter.ForkedBooter.runSuitesInProcess(ForkedBooter.java:155)
	at org.apache.maven.surefire.booter.ForkedBooter.main(ForkedBooter.java:103)
java.lang.NullPointerException
	at com.pluralsight.ControllerServlet.listBooks(ControllerServlet.java:87)
	at com.pluralsight.ControllerServlet.doGet(ControllerServlet.java:63)
	at com.pluralsight.module2.Module2_Task3_thru_6_IT.setUp(Module2_Task3_thru_6_IT.java:57)
	at sun.reflect.NativeMethodAccessorImpl.invoke0(Native Method)
	at sun.reflect.NativeMethodAccessorImpl.invoke(NativeMethodAccessorImpl.java:62)
	at sun.reflect.DelegatingMethodAccessorImpl.invoke(DelegatingMethodAccessorImpl.java:43)
	at java.lang.reflect.Method.invoke(Method.java:498)
	at org.junit.runners.model.FrameworkMethod$1.runReflectiveCall(FrameworkMethod.java:50)
	at org.junit.internal.runners.model.ReflectiveCallable.run(ReflectiveCallable.java:12)
	at org.junit.runners.model.FrameworkMethod.invokeExplosively(FrameworkMethod.java:47)
	at org.junit.internal.runners.statements.RunBefores.evaluate(RunBefores.java:24)
	at org.junit.runners.ParentRunner.runLeaf(ParentRunner.java:325)
	at org.junit.runners.BlockJUnit4ClassRunner.runChild(BlockJUnit4ClassRunner.java:78)
	at org.junit.runners.BlockJUnit4ClassRunner.runChild(BlockJUnit4ClassRunner.java:57)
	at org.junit.runners.ParentRunner$3.run(ParentRunner.java:290)
	at org.junit.runners.ParentRunner$1.schedule(ParentRunner.java:71)
	at org.junit.runners.ParentRunner.runChildren(ParentRunner.java:288)
	at org.junit.runners.ParentRunner.access$000(ParentRunner.java:58)
	at org.junit.runners.ParentRunner$2.evaluate(ParentRunner.java:268)
	at org.junit.runners.ParentRunner.run(ParentRunner.java:363)
	at org.apache.maven.surefire.junit4.JUnit4Provider.execute(JUnit4Provider.java:283)
	at org.apache.maven.surefire.junit4.JUnit4Provider.executeWithRerun(JUnit4Provider.java:173)
	at org.apache.maven.surefire.junit4.JUnit4Provider.executeTestSet(JUnit4Provider.java:153)
	at org.apache.maven.surefire.junit4.JUnit4Provider.invoke(JUnit4Provider.java:128)
	at org.apache.maven.surefire.booter.ForkedBooter.invokeProviderInSameClassLoader(ForkedBooter.java:203)
	at org.apache.maven.surefire.booter.ForkedBooter.runSuitesInProcess(ForkedBooter.java:155)
	at org.apache.maven.surefire.booter.ForkedBooter.main(ForkedBooter.java:103)
java.lang.NullPointerException
	at com.pluralsight.ControllerServlet.listBooks(ControllerServlet.java:87)
	at com.pluralsight.ControllerServlet.doGet(ControllerServlet.java:63)
	at com.pluralsight.module2.Module2_Task3_thru_6_IT.setUp(Module2_Task3_thru_6_IT.java:57)
	at sun.reflect.NativeMethodAccessorImpl.invoke0(Native Method)
	at sun.reflect.NativeMethodAccessorImpl.invoke(NativeMethodAccessorImpl.java:62)
	at sun.reflect.DelegatingMethodAccessorImpl.invoke(DelegatingMethodAccessorImpl.java:43)
	at java.lang.reflect.Method.invoke(Method.java:498)
	at org.junit.runners.model.FrameworkMethod$1.runReflectiveCall(FrameworkMethod.java:50)
	at org.junit.internal.runners.model.ReflectiveCallable.run(ReflectiveCallable.java:12)
	at org.junit.runners.model.FrameworkMethod.invokeExplosively(FrameworkMethod.java:47)
	at org.junit.internal.runners.statements.RunBefores.evaluate(RunBefores.java:24)
	at org.junit.runners.ParentRunner.runLeaf(ParentRunner.java:325)
	at org.junit.runners.BlockJUnit4ClassRunner.runChild(BlockJUnit4ClassRunner.java:78)
	at org.junit.runners.BlockJUnit4ClassRunner.runChild(BlockJUnit4ClassRunner.java:57)
	at org.junit.runners.ParentRunner$3.run(ParentRunner.java:290)
	at org.junit.runners.ParentRunner$1.schedule(ParentRunner.java:71)
	at org.junit.runners.ParentRunner.runChildren(ParentRunner.java:288)
	at org.junit.runners.ParentRunner.access$000(ParentRunner.java:58)
	at org.junit.runners.ParentRunner$2.evaluate(ParentRunner.java:268)
	at org.junit.runners.ParentRunner.run(ParentRunner.java:363)
	at org.apache.maven.surefire.junit4.JUnit4Provider.execute(JUnit4Provider.java:283)
	at org.apache.maven.surefire.junit4.JUnit4Provider.executeWithRerun(JUnit4Provider.java:173)
	at org.apache.maven.surefire.junit4.JUnit4Provider.executeTestSet(JUnit4Provider.java:153)
	at org.apache.maven.surefire.junit4.JUnit4Provider.invoke(JUnit4Provider.java:128)
	at org.apache.maven.surefire.booter.ForkedBooter.invokeProviderInSameClassLoader(ForkedBooter.java:203)
	at org.apache.maven.surefire.booter.ForkedBooter.runSuitesInProcess(ForkedBooter.java:155)
	at org.apache.maven.surefire.booter.ForkedBooter.main(ForkedBooter.java:103)
Tests run: 4, Failures: 4, Errors: 0, Skipped: 0, Time elapsed: 0.097 sec <<< FAILURE! - in com.pluralsight.module2.Module2_Task3_thru_6_IT
_task3(com.pluralsight.module2.Module2_Task3_thru_6_IT)  Time elapsed: 0.076 sec  <<< FAILURE!
java.lang.AssertionError: In ControllerServlet showEditForm(), did not call getParameter("id").
	at org.junit.Assert.fail(Assert.java:88)
	at org.junit.Assert.assertTrue(Assert.java:41)
	at com.pluralsight.module2.Module2_Task3_thru_6_IT._task3(Module2_Task3_thru_6_IT.java:81)

_task4(com.pluralsight.module2.Module2_Task3_thru_6_IT)  Time elapsed: 0.01 sec  <<< FAILURE!
java.lang.AssertionError: In ControllerServlet showEditForm(), did not call request.getRequestDispatcher("BookForm.jsp").
	at org.junit.Assert.fail(Assert.java:88)
	at org.junit.Assert.assertTrue(Assert.java:41)
	at com.pluralsight.module2.Module2_Task3_thru_6_IT._task4(Module2_Task3_thru_6_IT.java:98)

_task5(com.pluralsight.module2.Module2_Task3_thru_6_IT)  Time elapsed: 0.006 sec  <<< FAILURE!
java.lang.AssertionError: In ControllerServlet showEditForm(), did not call request.setAttribute("book", bookObject);.
	at org.junit.Assert.fail(Assert.java:88)
	at org.junit.Assert.assertTrue(Assert.java:41)
	at com.pluralsight.module2.Module2_Task3_thru_6_IT._task5(Module2_Task3_thru_6_IT.java:112)

_task6(com.pluralsight.module2.Module2_Task3_thru_6_IT)  Time elapsed: 0.005 sec  <<< FAILURE!
java.lang.AssertionError: In ControllerServlet showEditForm(), did not call dispatcher.forward(request, response);.
	at org.junit.Assert.fail(Assert.java:88)
	at org.junit.Assert.assertTrue(Assert.java:41)
	at com.pluralsight.module2.Module2_Task3_thru_6_IT._task6(Module2_Task3_thru_6_IT.java:126)

Running com.pluralsight.module1.Module1_Task6_IT
Tests run: 1, Failures: 1, Errors: 0, Skipped: 0, Time elapsed: 0.934 sec <<< FAILURE! - in com.pluralsight.module1.Module1_Task6_IT
_task6(com.pluralsight.module1.Module1_Task6_IT)  Time elapsed: 0.915 sec  <<< FAILURE!
java.lang.AssertionError: The method deleteBook() doesn't exist in BookDAO.java.
	at org.junit.Assert.fail(Assert.java:88)
	at org.junit.Assert.assertTrue(Assert.java:41)
	at org.junit.Assert.assertNotNull(Assert.java:712)
	at com.pluralsight.module1.Module1_Task6_IT._task6(Module1_Task6_IT.java:49)

Running com.pluralsight.module1.Module1_Task1_IT
Tests run: 1, Failures: 0, Errors: 1, Skipped: 0, Time elapsed: 0.019 sec <<< FAILURE! - in com.pluralsight.module1.Module1_Task1_IT
_task1(com.pluralsight.module1.Module1_Task1_IT)  Time elapsed: 0.019 sec  <<< ERROR!
java.lang.ClassCastException: com.gargoylesoftware.htmlunit.TextPage cannot be cast to com.gargoylesoftware.htmlunit.html.HtmlPage
	at com.pluralsight.module1.Module1_Task1_IT.setUp(Module1_Task1_IT.java:29)

Running com.pluralsight.module1.Module1_Task2_and_3_IT
Tests run: 2, Failures: 2, Errors: 0, Skipped: 0, Time elapsed: 0.254 sec <<< FAILURE! - in com.pluralsight.module1.Module1_Task2_and_3_IT
_task2(com.pluralsight.module1.Module1_Task2_and_3_IT)  Time elapsed: 0.143 sec  <<< FAILURE!
java.lang.AssertionError: private void deleteBook() does not exist in ControllerServlet
	at org.junit.Assert.fail(Assert.java:88)
	at org.junit.Assert.assertTrue(Assert.java:41)
	at org.junit.Assert.assertNotNull(Assert.java:712)
	at com.pluralsight.module1.Module1_Task2_and_3_IT._task2(Module1_Task2_and_3_IT.java:46)

_task3(com.pluralsight.module1.Module1_Task2_and_3_IT)  Time elapsed: 0.001 sec  <<< FAILURE!
java.lang.AssertionError: private void deleteBook() does not exist in ControllerServlet
	at org.junit.Assert.fail(Assert.java:88)
	at org.junit.Assert.assertTrue(Assert.java:41)
	at org.junit.Assert.assertNotNull(Assert.java:712)
	at com.pluralsight.module1.Module1_Task2_and_3_IT._task3(Module1_Task2_and_3_IT.java:53)

Running com.pluralsight.module1.Module1_Task4_IT
Tests run: 1, Failures: 1, Errors: 0, Skipped: 0, Time elapsed: 0 sec <<< FAILURE! - in com.pluralsight.module1.Module1_Task4_IT
_task4(com.pluralsight.module1.Module1_Task4_IT)  Time elapsed: 0 sec  <<< FAILURE!
java.lang.AssertionError: The method deleteBook() doesn't exist in BookDAO.java.
	at org.junit.Assert.fail(Assert.java:88)
	at org.junit.Assert.assertTrue(Assert.java:41)
	at org.junit.Assert.assertNotNull(Assert.java:712)
	at com.pluralsight.module1.Module1_Task4_IT._task4(Module1_Task4_IT.java:24)

Running com.pluralsight.module1.Module1_Task5_IT
Tests run: 1, Failures: 1, Errors: 0, Skipped: 0, Time elapsed: 1.061 sec <<< FAILURE! - in com.pluralsight.module1.Module1_Task5_IT
_task5(com.pluralsight.module1.Module1_Task5_IT)  Time elapsed: 1.018 sec  <<< FAILURE!
java.lang.AssertionError: The method deleteBook() doesn't exist in BookDAO.java.
	at org.junit.Assert.fail(Assert.java:88)
	at org.junit.Assert.assertTrue(Assert.java:41)
	at org.junit.Assert.assertNotNull(Assert.java:712)
	at com.pluralsight.module1.Module1_Task5_IT._task5(Module1_Task5_IT.java:47)

Running com.pluralsight.module1.Module1_Task7_and_8_IT
Tests run: 2, Failures: 2, Errors: 0, Skipped: 0, Time elapsed: 0.003 sec <<< FAILURE! - in com.pluralsight.module1.Module1_Task7_and_8_IT
_task7(com.pluralsight.module1.Module1_Task7_and_8_IT)  Time elapsed: 0.001 sec  <<< FAILURE!
java.lang.AssertionError: private void deleteBook() does not exist in ControllerServlet
	at org.junit.Assert.fail(Assert.java:88)
	at org.junit.Assert.assertTrue(Assert.java:41)
	at org.junit.Assert.assertNotNull(Assert.java:712)
	at com.pluralsight.module1.Module1_Task7_and_8_IT._task7(Module1_Task7_and_8_IT.java:73)

_task8(com.pluralsight.module1.Module1_Task7_and_8_IT)  Time elapsed: 0.002 sec  <<< FAILURE!
java.lang.AssertionError: private void deleteBook() does not exist in ControllerServlet
	at org.junit.Assert.fail(Assert.java:88)
	at org.junit.Assert.assertTrue(Assert.java:41)
	at org.junit.Assert.assertNotNull(Assert.java:712)
	at com.pluralsight.module1.Module1_Task7_and_8_IT._task8(Module1_Task7_and_8_IT.java:99)


Results :

Failed tests: 
  Module1_Task2_and_3_IT._task2:46 private void deleteBook() does not exist in ControllerServlet
  Module1_Task2_and_3_IT._task3:53 private void deleteBook() does not exist in ControllerServlet
  Module1_Task4_IT._task4:24 The method deleteBook() doesn't exist in BookDAO.java.
  Module1_Task5_IT._task5:47 The method deleteBook() doesn't exist in BookDAO.java.
  Module1_Task6_IT._task6:49 The method deleteBook() doesn't exist in BookDAO.java.
  Module1_Task7_and_8_IT._task7:73 private void deleteBook() does not exist in ControllerServlet
  Module1_Task7_and_8_IT._task8:99 private void deleteBook() does not exist in ControllerServlet
  Module2_Task1_and_2_IT._task1:46 private void showEditForm() does not exist in ControllerServlet
  Module2_Task1_and_2_IT._task2:52 private void showEditForm() does not exist in ControllerServlet
  Module2_Task3_thru_6_IT._task3:81 In ControllerServlet showEditForm(), did not call getParameter("id").
  Module2_Task3_thru_6_IT._task4:98 In ControllerServlet showEditForm(), did not call request.getRequestDispatcher("BookForm.jsp").
  Module2_Task3_thru_6_IT._task5:112 In ControllerServlet showEditForm(), did not call request.setAttribute("book", bookObject);.
  Module2_Task3_thru_6_IT._task6:126 In ControllerServlet showEditForm(), did not call dispatcher.forward(request, response);.
  Module3_Task1_thru_5_IT._task1:63 The method updateBook() doesn't exist in BookDAO.java.
  Module3_Task1_thru_5_IT._task2:74 The method updateBook() doesn't call prepareStatement() correctly.
  Module3_Task1_thru_5_IT._task3:87 The method updateBook() doesn't call setString() for the title.
  Module3_Task1_thru_5_IT._task4:103 The method updateBook() doesn't call setFloat() for the price.
  Module3_Task1_thru_5_IT._task5:119 The method updateBook() doesn't call executeUpdate().
  Module3_Task6_and_7_IT._task6:70 private void updateBook() does not exist in ControllerServlet
  Module3_Task6_and_7_IT._task7:76 private void updateBook() does not exist in ControllerServlet
  Module3_Task8_thru_11_IT._task10:130 private void updateBook() does not exist in ControllerServlet
  Module3_Task8_thru_11_IT._task11:158 private void updateBook() does not exist in ControllerServlet
  Module3_Task8_thru_11_IT._task8:90 private void updateBook() does not exist in ControllerServlet
  Module3_Task8_thru_11_IT._task9:105 private void updateBook() does not exist in ControllerServlet
Tests in error: 
  Module1_Task1_IT.setUp:29 ClassCast com.gargoylesoftware.htmlunit.TextPage can...
  Module2_Task11_thru_14_IT.setUp:36 ClassCast com.gargoylesoftware.htmlunit.Tex...
  Module2_Task11_thru_14_IT.setUp:36 ClassCast com.gargoylesoftware.htmlunit.Tex...
  Module2_Task11_thru_14_IT.setUp:36 ClassCast com.gargoylesoftware.htmlunit.Tex...
  Module2_Task7_thru10_IT.setUp:35 ClassCast com.gargoylesoftware.htmlunit.TextP...
  Module2_Task7_thru10_IT.setUp:35 ClassCast com.gargoylesoftware.htmlunit.TextP...
  Module2_Task7_thru10_IT.setUp:35 ClassCast com.gargoylesoftware.htmlunit.TextP...
  Module2_Task7_thru10_IT.setUp:35 ClassCast com.gargoylesoftware.htmlunit.TextP...

Tests run: 32, Failures: 24, Errors: 8, Skipped: 0

[ERROR] Failed to execute goal org.apache.maven.plugins:maven-failsafe-plugin:2.18.1:verify (default) on project bookstore: There are test failures.
[ERROR] 
[ERROR] Please refer to /Users/jaron-thatcher/workspace/test-cli/Java-BookStore/target/failsafe-reports for the individual test results.
[ERROR] -> [Help 1]
org.apache.maven.lifecycle.LifecycleExecutionException: Failed to execute goal org.apache.maven.plugins:maven-failsafe-plugin:2.18.1:verify (default) on project bookstore: There are test failures.

Please refer to /Users/jaron-thatcher/workspace/test-cli/Java-BookStore/target/failsafe-reports for the individual test results.
    at org.apache.maven.lifecycle.internal.MojoExecutor.execute (MojoExecutor.java:213)
    at org.apache.maven.lifecycle.internal.MojoExecutor.execute (MojoExecutor.java:154)
    at org.apache.maven.lifecycle.internal.MojoExecutor.execute (MojoExecutor.java:146)
    at org.apache.maven.lifecycle.internal.LifecycleModuleBuilder.buildProject (LifecycleModuleBuilder.java:117)
    at org.apache.maven.lifecycle.internal.builder.multithreaded.MultiThreadedBuilder$1.call (MultiThreadedBuilder.java:200)
    at org.apache.maven.lifecycle.internal.builder.multithreaded.MultiThreadedBuilder$1.call (MultiThreadedBuilder.java:196)
    at java.util.concurrent.FutureTask.run (FutureTask.java:266)
    at java.util.concurrent.Executors$RunnableAdapter.call (Executors.java:511)
    at java.util.concurrent.FutureTask.run (FutureTask.java:266)
    at java.util.concurrent.ThreadPoolExecutor.runWorker (ThreadPoolExecutor.java:1149)
    at java.util.concurrent.ThreadPoolExecutor$Worker.run (ThreadPoolExecutor.java:624)
    at java.lang.Thread.run (Thread.java:748)
Caused by: org.apache.maven.plugin.MojoFailureException: There are test failures.

Please refer to /Users/jaron-thatcher/workspace/test-cli/Java-BookStore/target/failsafe-reports for the individual test results.
    at org.apache.maven.plugin.surefire.SurefireHelper.reportExecution (SurefireHelper.java:82)
    at org.apache.maven.plugin.failsafe.VerifyMojo.execute (VerifyMojo.java:195)
    at org.apache.maven.plugin.DefaultBuildPluginManager.executeMojo (DefaultBuildPluginManager.java:137)
    at org.apache.maven.lifecycle.internal.MojoExecutor.execute (MojoExecutor.java:208)
    at org.apache.maven.lifecycle.internal.MojoExecutor.execute (MojoExecutor.java:154)
    at org.apache.maven.lifecycle.internal.MojoExecutor.execute (MojoExecutor.java:146)
    at org.apache.maven.lifecycle.internal.LifecycleModuleBuilder.buildProject (LifecycleModuleBuilder.java:117)
    at org.apache.maven.lifecycle.internal.builder.multithreaded.MultiThreadedBuilder$1.call (MultiThreadedBuilder.java:200)
    at org.apache.maven.lifecycle.internal.builder.multithreaded.MultiThreadedBuilder$1.call (MultiThreadedBuilder.java:196)
    at java.util.concurrent.FutureTask.run (FutureTask.java:266)
    at java.util.concurrent.Executors$RunnableAdapter.call (Executors.java:511)
    at java.util.concurrent.FutureTask.run (FutureTask.java:266)
    at java.util.concurrent.ThreadPoolExecutor.runWorker (ThreadPoolExecutor.java:1149)
    at java.util.concurrent.ThreadPoolExecutor$Worker.run (ThreadPoolExecutor.java:624)
    at java.lang.Thread.run (Thread.java:748)
[ERROR] 
[ERROR] Re-run Maven using the -X switch to enable full debug logging.
[ERROR] 
[ERROR] For more information about the errors and possible solutions, please read the following articles:
[ERROR] [Help 1] http://cwiki.apache.org/confluence/display/MAVEN/MojoFailureException
